<?xml version="1.0" encoding="UTF-8"?>
<!-- Generated by org.testng.reporters.JUnitReportReporter -->
<testsuite skipped="0" hostname="DESKTOP-C6EME4Q" name="testCases.MemePage_TS_004" tests="3" failures="0" timestamp="2020-12-30T16:43:12 IST" time="87.404" errors="0">
  <testcase name="navLink" time="3.378" classname="testCases.MemePage_TS_004"/>
  <system-out/>
  <testcase name="navToMeme" time="10.048" classname="testCases.MemePage_TS_004"/>
  <system-out/>
  <testcase name="addMemeProfPic" time="73.978" classname="testCases.MemePage_TS_004"/>
  <system-out/>
</testsuite> <!-- testCases.MemePage_TS_004 -->
