<?xml version="1.0" encoding="UTF-8"?>
<!-- Generated by org.testng.reporters.JUnitReportReporter -->
<testsuite skipped="0" hostname="DESKTOP-C6EME4Q" name="testCases.LMSPage_TS_003" tests="3" failures="0" timestamp="2020-12-30T16:43:12 IST" time="28.807" errors="0">
  <testcase name="navLink" time="3.322" classname="testCases.LMSPage_TS_003"/>
  <system-out/>
  <testcase name="navToLms" time="10.059" classname="testCases.LMSPage_TS_003"/>
  <system-out/>
  <testcase name="pageCtrlLms" time="15.426" classname="testCases.LMSPage_TS_003"/>
  <system-out/>
</testsuite> <!-- testCases.LMSPage_TS_003 -->
