<?xml version="1.0" encoding="UTF-8"?>
<!-- Generated by org.testng.reporters.JUnitReportReporter -->
<testsuite skipped="0" hostname="DESKTOP-C6EME4Q" name="testCases.IsuccessLearnPage_TS_002" tests="3" failures="0" timestamp="2020-12-30T16:43:12 IST" time="49.970" errors="0">
  <testcase name="navLink" time="5.436" classname="testCases.IsuccessLearnPage_TS_002"/>
  <system-out/>
  <testcase name="navToIlearn" time="10.840" classname="testCases.IsuccessLearnPage_TS_002"/>
  <system-out/>
  <testcase name="viewHistory" time="33.694" classname="testCases.IsuccessLearnPage_TS_002"/>
  <system-out/>
</testsuite> <!-- testCases.IsuccessLearnPage_TS_002 -->
