<?xml version="1.0" encoding="UTF-8"?>
<!-- Generated by org.testng.reporters.JUnitReportReporter -->
<testsuite skipped="0" hostname="DESKTOP-C6EME4Q" name="testCases.TestLogin" tests="1" failures="0" timestamp="2020-12-24T10:31:26 IST" time="2.315" errors="0">
  <testcase name="loginTest" time="2.315" classname="testCases.TestLogin"/>
  <system-out/>
</testsuite> <!-- testCases.TestLogin -->
