<?xml version="1.0" encoding="UTF-8"?>
<!-- Generated by org.testng.reporters.JUnitReportReporter -->
<testsuite skipped="0" hostname="DESKTOP-C6EME4Q" name="testCases.LogoutPage_TS_005" tests="1" failures="0" timestamp="2020-12-30T16:43:12 IST" time="5.077" errors="0">
  <testcase name="logout" time="5.077" classname="testCases.LogoutPage_TS_005"/>
  <system-out/>
</testsuite> <!-- testCases.LogoutPage_TS_005 -->
