<?xml version="1.0" encoding="UTF-8"?>
<!-- Generated by org.testng.reporters.JUnitReportReporter -->
<testsuite skipped="0" hostname="DESKTOP-C6EME4Q" name="testCases.LoginPage_TS_001" tests="1" failures="0" timestamp="2020-12-30T16:43:12 IST" time="35.294" errors="0">
  <testcase name="loginTest" time="35.294" classname="testCases.LoginPage_TS_001"/>
  <system-out/>
</testsuite> <!-- testCases.LoginPage_TS_001 -->
